Determining if the pthread_create exist failed with the following output:
Change Dir: /home/song/catkin_ws/build/CMakeFiles/CMakeTmp

Run Build Command:"/usr/bin/make" "cmTC_a48ca/fast"
/usr/bin/make -f CMakeFiles/cmTC_a48ca.dir/build.make CMakeFiles/cmTC_a48ca.dir/build
make[1]: 디렉터리 '/home/song/catkin_ws/build/CMakeFiles/CMakeTmp' 들어감
Building C object CMakeFiles/cmTC_a48ca.dir/CheckSymbolExists.c.o
/usr/bin/cc    -o CMakeFiles/cmTC_a48ca.dir/CheckSymbolExists.c.o   -c /home/song/catkin_ws/build/CMakeFiles/CMakeTmp/CheckSymbolExists.c
Linking C executable cmTC_a48ca
/usr/bin/cmake -E cmake_link_script CMakeFiles/cmTC_a48ca.dir/link.txt --verbose=1
/usr/bin/cc      -rdynamic CMakeFiles/cmTC_a48ca.dir/CheckSymbolExists.c.o  -o cmTC_a48ca 
CMakeFiles/cmTC_a48ca.dir/CheckSymbolExists.c.o: In function `main':
CheckSymbolExists.c:(.text+0x1b): undefined reference to `pthread_create'
collect2: error: ld returned 1 exit status
CMakeFiles/cmTC_a48ca.dir/build.make:97: recipe for target 'cmTC_a48ca' failed
make[1]: *** [cmTC_a48ca] Error 1
make[1]: 디렉터리 '/home/song/catkin_ws/build/CMakeFiles/CMakeTmp' 나감
Makefile:126: recipe for target 'cmTC_a48ca/fast' failed
make: *** [cmTC_a48ca/fast] Error 2

File /home/song/catkin_ws/build/CMakeFiles/CMakeTmp/CheckSymbolExists.c:
/* */
#include <pthread.h>

int main(int argc, char** argv)
{
  (void)argv;
#ifndef pthread_create
  return ((int*)(&pthread_create))[argc];
#else
  (void)argc;
  return 0;
#endif
}

Determining if the function pthread_create exists in the pthreads failed with the following output:
Change Dir: /home/song/catkin_ws/build/CMakeFiles/CMakeTmp

Run Build Command:"/usr/bin/make" "cmTC_a8343/fast"
/usr/bin/make -f CMakeFiles/cmTC_a8343.dir/build.make CMakeFiles/cmTC_a8343.dir/build
make[1]: 디렉터리 '/home/song/catkin_ws/build/CMakeFiles/CMakeTmp' 들어감
Building C object CMakeFiles/cmTC_a8343.dir/CheckFunctionExists.c.o
/usr/bin/cc   -DCHECK_FUNCTION_EXISTS=pthread_create   -o CMakeFiles/cmTC_a8343.dir/CheckFunctionExists.c.o   -c /usr/share/cmake-3.10/Modules/CheckFunctionExists.c
Linking C executable cmTC_a8343
/usr/bin/cmake -E cmake_link_script CMakeFiles/cmTC_a8343.dir/link.txt --verbose=1
/usr/bin/cc  -DCHECK_FUNCTION_EXISTS=pthread_create    -rdynamic CMakeFiles/cmTC_a8343.dir/CheckFunctionExists.c.o  -o cmTC_a8343 -lpthreads 
/usr/bin/ld: cannot find -lpthreads
collect2: error: ld returned 1 exit status
CMakeFiles/cmTC_a8343.dir/build.make:97: recipe for target 'cmTC_a8343' failed
make[1]: *** [cmTC_a8343] Error 1
make[1]: 디렉터리 '/home/song/catkin_ws/build/CMakeFiles/CMakeTmp' 나감
Makefile:126: recipe for target 'cmTC_a8343/fast' failed
make: *** [cmTC_a8343/fast] Error 2


